ERROR - 2023-09-26 06:20:28 --> Table 'inventaris.pegawai' doesn't exist
CRITICAL - 2023-09-26 06:20:28 --> Call to a member function getResult() on bool
#0 C:\xampp\htdocs\inventaris\app\Controllers\Home.php(43): App\Models\M_model->tampilPegawaian('pegawai', 'jabatan', 'user', 'pegawai.id_jaba...', 'pegawai.id_user...', 'tanggal_pegawai')
#1 C:\xampp\htdocs\inventaris\system\CodeIgniter.php(832): App\Controllers\Home->pegawaian()
#2 C:\xampp\htdocs\inventaris\system\CodeIgniter.php(419): CodeIgniter\CodeIgniter->runController(Object(App\Controllers\Home))
#3 C:\xampp\htdocs\inventaris\system\CodeIgniter.php(326): CodeIgniter\CodeIgniter->handleRequest(NULL, Object(Config\Cache), false)
#4 C:\xampp\htdocs\inventaris\public\index.php(37): CodeIgniter\CodeIgniter->run()
#5 C:\xampp\htdocs\inventaris\system\Commands\Server\rewrite.php(43): require_once('C:\\xampp\\htdocs...')
#6 {main}
CRITICAL - 2023-09-26 06:38:57 --> Too few arguments to function App\Models\M_model::ultraRows(), 4 passed in C:\xampp\htdocs\inventaris\app\Controllers\Home.php on line 144 and exactly 6 expected
#0 C:\xampp\htdocs\inventaris\app\Controllers\Home.php(144): App\Models\M_model->ultraRows('petugas', 'user', 'petugas.id_user...', Array)
#1 C:\xampp\htdocs\inventaris\system\CodeIgniter.php(832): App\Controllers\Home->edit_pegawaian('4')
#2 C:\xampp\htdocs\inventaris\system\CodeIgniter.php(419): CodeIgniter\CodeIgniter->runController(Object(App\Controllers\Home))
#3 C:\xampp\htdocs\inventaris\system\CodeIgniter.php(326): CodeIgniter\CodeIgniter->handleRequest(NULL, Object(Config\Cache), false)
#4 C:\xampp\htdocs\inventaris\public\index.php(37): CodeIgniter\CodeIgniter->run()
#5 C:\xampp\htdocs\inventaris\system\Commands\Server\rewrite.php(43): require_once('C:\\xampp\\htdocs...')
#6 {main}
ERROR - 2023-09-26 06:39:04 --> Unknown column 'petugas.id_user_pegawai' in 'where clause'
CRITICAL - 2023-09-26 06:39:04 --> Call to a member function getRow() on bool
#0 C:\xampp\htdocs\inventaris\app\Controllers\Home.php(144): App\Models\M_model->edit_petugas('petugas', 'user', 'petugas.id_user...', Array)
#1 C:\xampp\htdocs\inventaris\system\CodeIgniter.php(832): App\Controllers\Home->edit_pegawaian('4')
#2 C:\xampp\htdocs\inventaris\system\CodeIgniter.php(419): CodeIgniter\CodeIgniter->runController(Object(App\Controllers\Home))
#3 C:\xampp\htdocs\inventaris\system\CodeIgniter.php(326): CodeIgniter\CodeIgniter->handleRequest(NULL, Object(Config\Cache), false)
#4 C:\xampp\htdocs\inventaris\public\index.php(37): CodeIgniter\CodeIgniter->run()
#5 C:\xampp\htdocs\inventaris\system\Commands\Server\rewrite.php(43): require_once('C:\\xampp\\htdocs...')
#6 {main}
ERROR - 2023-09-26 07:00:34 --> Unknown column 'status_agenda' in 'field list'
CRITICAL - 2023-09-26 07:07:46 --> Too few arguments to function App\Models\M_model::edit(), 2 passed in C:\xampp\htdocs\inventaris\app\Controllers\Home.php on line 233 and exactly 3 expected
#0 C:\xampp\htdocs\inventaris\app\Controllers\Home.php(233): App\Models\M_model->edit('jenis', Array)
#1 C:\xampp\htdocs\inventaris\system\CodeIgniter.php(832): App\Controllers\Home->edit_jenis('1')
#2 C:\xampp\htdocs\inventaris\system\CodeIgniter.php(419): CodeIgniter\CodeIgniter->runController(Object(App\Controllers\Home))
#3 C:\xampp\htdocs\inventaris\system\CodeIgniter.php(326): CodeIgniter\CodeIgniter->handleRequest(NULL, Object(Config\Cache), false)
#4 C:\xampp\htdocs\inventaris\public\index.php(37): CodeIgniter\CodeIgniter->run()
#5 C:\xampp\htdocs\inventaris\system\Commands\Server\rewrite.php(43): require_once('C:\\xampp\\htdocs...')
#6 {main}
CRITICAL - 2023-09-26 07:20:03 --> Too few arguments to function App\Controllers\Home::tersedia(), 0 passed in C:\xampp\htdocs\inventaris\system\CodeIgniter.php on line 832 and exactly 1 expected
#0 C:\xampp\htdocs\inventaris\system\CodeIgniter.php(832): App\Controllers\Home->tersedia()
#1 C:\xampp\htdocs\inventaris\system\CodeIgniter.php(419): CodeIgniter\CodeIgniter->runController(Object(App\Controllers\Home))
#2 C:\xampp\htdocs\inventaris\system\CodeIgniter.php(326): CodeIgniter\CodeIgniter->handleRequest(NULL, Object(Config\Cache), false)
#3 C:\xampp\htdocs\inventaris\public\index.php(37): CodeIgniter\CodeIgniter->run()
#4 C:\xampp\htdocs\inventaris\system\Commands\Server\rewrite.php(43): require_once('C:\\xampp\\htdocs...')
#5 {main}
CRITICAL - 2023-09-26 07:21:34 --> Too few arguments to function App\Controllers\Home::tersedia(), 0 passed in C:\xampp\htdocs\inventaris\system\CodeIgniter.php on line 832 and exactly 1 expected
#0 C:\xampp\htdocs\inventaris\system\CodeIgniter.php(832): App\Controllers\Home->tersedia()
#1 C:\xampp\htdocs\inventaris\system\CodeIgniter.php(419): CodeIgniter\CodeIgniter->runController(Object(App\Controllers\Home))
#2 C:\xampp\htdocs\inventaris\system\CodeIgniter.php(326): CodeIgniter\CodeIgniter->handleRequest(NULL, Object(Config\Cache), false)
#3 C:\xampp\htdocs\inventaris\public\index.php(37): CodeIgniter\CodeIgniter->run()
#4 C:\xampp\htdocs\inventaris\system\Commands\Server\rewrite.php(43): require_once('C:\\xampp\\htdocs...')
#5 {main}
CRITICAL - 2023-09-26 07:21:37 --> Too few arguments to function App\Controllers\Home::tersedia(), 0 passed in C:\xampp\htdocs\inventaris\system\CodeIgniter.php on line 832 and exactly 1 expected
#0 C:\xampp\htdocs\inventaris\system\CodeIgniter.php(832): App\Controllers\Home->tersedia()
#1 C:\xampp\htdocs\inventaris\system\CodeIgniter.php(419): CodeIgniter\CodeIgniter->runController(Object(App\Controllers\Home))
#2 C:\xampp\htdocs\inventaris\system\CodeIgniter.php(326): CodeIgniter\CodeIgniter->handleRequest(NULL, Object(Config\Cache), false)
#3 C:\xampp\htdocs\inventaris\public\index.php(37): CodeIgniter\CodeIgniter->run()
#4 C:\xampp\htdocs\inventaris\system\Commands\Server\rewrite.php(43): require_once('C:\\xampp\\htdocs...')
#5 {main}
CRITICAL - 2023-09-26 07:21:40 --> Too few arguments to function App\Controllers\Home::tersedia(), 0 passed in C:\xampp\htdocs\inventaris\system\CodeIgniter.php on line 832 and exactly 1 expected
#0 C:\xampp\htdocs\inventaris\system\CodeIgniter.php(832): App\Controllers\Home->tersedia()
#1 C:\xampp\htdocs\inventaris\system\CodeIgniter.php(419): CodeIgniter\CodeIgniter->runController(Object(App\Controllers\Home))
#2 C:\xampp\htdocs\inventaris\system\CodeIgniter.php(326): CodeIgniter\CodeIgniter->handleRequest(NULL, Object(Config\Cache), false)
#3 C:\xampp\htdocs\inventaris\public\index.php(37): CodeIgniter\CodeIgniter->run()
#4 C:\xampp\htdocs\inventaris\system\Commands\Server\rewrite.php(43): require_once('C:\\xampp\\htdocs...')
#5 {main}
CRITICAL - 2023-09-26 07:43:46 --> Cannot redeclare App\Controllers\Home::jenis()
#0 [internal function]: CodeIgniter\Debug\Exceptions->shutdownHandler()
#1 {main}
CRITICAL - 2023-09-26 07:43:47 --> Cannot redeclare App\Controllers\Home::jenis()
#0 [internal function]: CodeIgniter\Debug\Exceptions->shutdownHandler()
#1 {main}
CRITICAL - 2023-09-26 08:42:51 --> Call to undefined function fetchDataFromDatabase()
#0 C:\xampp\htdocs\inventaris\system\View\View.php(210): include()
#1 C:\xampp\htdocs\inventaris\system\View\View.php(213): CodeIgniter\View\View->CodeIgniter\View\{closure}()
#2 C:\xampp\htdocs\inventaris\system\Common.php(1089): CodeIgniter\View\View->render('inventaris/tamb...', Array, true)
#3 C:\xampp\htdocs\inventaris\app\Controllers\Home.php(508): view('inventaris/tamb...')
#4 C:\xampp\htdocs\inventaris\system\CodeIgniter.php(832): App\Controllers\Home->tambah_inventaris()
#5 C:\xampp\htdocs\inventaris\system\CodeIgniter.php(419): CodeIgniter\CodeIgniter->runController(Object(App\Controllers\Home))
#6 C:\xampp\htdocs\inventaris\system\CodeIgniter.php(326): CodeIgniter\CodeIgniter->handleRequest(NULL, Object(Config\Cache), false)
#7 C:\xampp\htdocs\inventaris\public\index.php(37): CodeIgniter\CodeIgniter->run()
#8 C:\xampp\htdocs\inventaris\system\Commands\Server\rewrite.php(43): require_once('C:\\xampp\\htdocs...')
#9 {main}
ERROR - 2023-09-26 09:00:36 --> Column 'id_ruang' cannot be null
