CRITICAL - 2023-10-10 00:48:49 --> Use of undefined constant PUBLIC_PATH - assumed 'PUBLIC_PATH' (this will throw an Error in a future version of PHP)
#0 C:\xampp\htdocs\inventaris-jofinson\app\Views\menu.php(143): CodeIgniter\Debug\Exceptions->errorHandler(2, 'Use of undefine...', 'C:\\xampp\\htdocs...', 143, Array)
#1 C:\xampp\htdocs\inventaris-jofinson\system\View\View.php(210): include('C:\\xampp\\htdocs...')
#2 C:\xampp\htdocs\inventaris-jofinson\system\View\View.php(213): CodeIgniter\View\View->CodeIgniter\View\{closure}()
#3 C:\xampp\htdocs\inventaris-jofinson\system\Common.php(1089): CodeIgniter\View\View->render('menu', Array, true)
#4 C:\xampp\htdocs\inventaris-jofinson\app\Controllers\Home.php(89): view('menu')
#5 C:\xampp\htdocs\inventaris-jofinson\system\CodeIgniter.php(832): App\Controllers\Home->dashboard()
#6 C:\xampp\htdocs\inventaris-jofinson\system\CodeIgniter.php(419): CodeIgniter\CodeIgniter->runController(Object(App\Controllers\Home))
#7 C:\xampp\htdocs\inventaris-jofinson\system\CodeIgniter.php(326): CodeIgniter\CodeIgniter->handleRequest(NULL, Object(Config\Cache), false)
#8 C:\xampp\htdocs\inventaris-jofinson\public\index.php(37): CodeIgniter\CodeIgniter->run()
#9 C:\xampp\htdocs\inventaris-jofinson\system\Commands\Server\rewrite.php(43): require_once('C:\\xampp\\htdocs...')
#10 {main}
CRITICAL - 2023-10-10 00:49:23 --> Use of undefined constant PUBLIC_PATH - assumed 'PUBLIC_PATH' (this will throw an Error in a future version of PHP)
#0 C:\xampp\htdocs\inventaris-jofinson\app\Views\menu.php(143): CodeIgniter\Debug\Exceptions->errorHandler(2, 'Use of undefine...', 'C:\\xampp\\htdocs...', 143, Array)
#1 C:\xampp\htdocs\inventaris-jofinson\system\View\View.php(210): include('C:\\xampp\\htdocs...')
#2 C:\xampp\htdocs\inventaris-jofinson\system\View\View.php(213): CodeIgniter\View\View->CodeIgniter\View\{closure}()
#3 C:\xampp\htdocs\inventaris-jofinson\system\Common.php(1089): CodeIgniter\View\View->render('menu', Array, true)
#4 C:\xampp\htdocs\inventaris-jofinson\app\Controllers\Home.php(89): view('menu')
#5 C:\xampp\htdocs\inventaris-jofinson\system\CodeIgniter.php(832): App\Controllers\Home->dashboard()
#6 C:\xampp\htdocs\inventaris-jofinson\system\CodeIgniter.php(419): CodeIgniter\CodeIgniter->runController(Object(App\Controllers\Home))
#7 C:\xampp\htdocs\inventaris-jofinson\system\CodeIgniter.php(326): CodeIgniter\CodeIgniter->handleRequest(NULL, Object(Config\Cache), false)
#8 C:\xampp\htdocs\inventaris-jofinson\public\index.php(37): CodeIgniter\CodeIgniter->run()
#9 C:\xampp\htdocs\inventaris-jofinson\system\Commands\Server\rewrite.php(43): require_once('C:\\xampp\\htdocs...')
#10 {main}
CRITICAL - 2023-10-10 00:49:24 --> Use of undefined constant PUBLIC_PATH - assumed 'PUBLIC_PATH' (this will throw an Error in a future version of PHP)
#0 C:\xampp\htdocs\inventaris-jofinson\app\Views\menu.php(143): CodeIgniter\Debug\Exceptions->errorHandler(2, 'Use of undefine...', 'C:\\xampp\\htdocs...', 143, Array)
#1 C:\xampp\htdocs\inventaris-jofinson\system\View\View.php(210): include('C:\\xampp\\htdocs...')
#2 C:\xampp\htdocs\inventaris-jofinson\system\View\View.php(213): CodeIgniter\View\View->CodeIgniter\View\{closure}()
#3 C:\xampp\htdocs\inventaris-jofinson\system\Common.php(1089): CodeIgniter\View\View->render('menu', Array, true)
#4 C:\xampp\htdocs\inventaris-jofinson\app\Controllers\Home.php(89): view('menu')
#5 C:\xampp\htdocs\inventaris-jofinson\system\CodeIgniter.php(832): App\Controllers\Home->dashboard()
#6 C:\xampp\htdocs\inventaris-jofinson\system\CodeIgniter.php(419): CodeIgniter\CodeIgniter->runController(Object(App\Controllers\Home))
#7 C:\xampp\htdocs\inventaris-jofinson\system\CodeIgniter.php(326): CodeIgniter\CodeIgniter->handleRequest(NULL, Object(Config\Cache), false)
#8 C:\xampp\htdocs\inventaris-jofinson\public\index.php(37): CodeIgniter\CodeIgniter->run()
#9 C:\xampp\htdocs\inventaris-jofinson\system\Commands\Server\rewrite.php(43): require_once('C:\\xampp\\htdocs...')
#10 {main}
CRITICAL - 2023-10-10 00:49:26 --> Use of undefined constant PUBLIC_PATH - assumed 'PUBLIC_PATH' (this will throw an Error in a future version of PHP)
#0 C:\xampp\htdocs\inventaris-jofinson\app\Views\menu.php(143): CodeIgniter\Debug\Exceptions->errorHandler(2, 'Use of undefine...', 'C:\\xampp\\htdocs...', 143, Array)
#1 C:\xampp\htdocs\inventaris-jofinson\system\View\View.php(210): include('C:\\xampp\\htdocs...')
#2 C:\xampp\htdocs\inventaris-jofinson\system\View\View.php(213): CodeIgniter\View\View->CodeIgniter\View\{closure}()
#3 C:\xampp\htdocs\inventaris-jofinson\system\Common.php(1089): CodeIgniter\View\View->render('menu', Array, true)
#4 C:\xampp\htdocs\inventaris-jofinson\app\Controllers\Home.php(89): view('menu')
#5 C:\xampp\htdocs\inventaris-jofinson\system\CodeIgniter.php(832): App\Controllers\Home->dashboard()
#6 C:\xampp\htdocs\inventaris-jofinson\system\CodeIgniter.php(419): CodeIgniter\CodeIgniter->runController(Object(App\Controllers\Home))
#7 C:\xampp\htdocs\inventaris-jofinson\system\CodeIgniter.php(326): CodeIgniter\CodeIgniter->handleRequest(NULL, Object(Config\Cache), false)
#8 C:\xampp\htdocs\inventaris-jofinson\public\index.php(37): CodeIgniter\CodeIgniter->run()
#9 C:\xampp\htdocs\inventaris-jofinson\system\Commands\Server\rewrite.php(43): require_once('C:\\xampp\\htdocs...')
#10 {main}
CRITICAL - 2023-10-10 00:49:27 --> Use of undefined constant PUBLIC_PATH - assumed 'PUBLIC_PATH' (this will throw an Error in a future version of PHP)
#0 C:\xampp\htdocs\inventaris-jofinson\app\Views\menu.php(143): CodeIgniter\Debug\Exceptions->errorHandler(2, 'Use of undefine...', 'C:\\xampp\\htdocs...', 143, Array)
#1 C:\xampp\htdocs\inventaris-jofinson\system\View\View.php(210): include('C:\\xampp\\htdocs...')
#2 C:\xampp\htdocs\inventaris-jofinson\system\View\View.php(213): CodeIgniter\View\View->CodeIgniter\View\{closure}()
#3 C:\xampp\htdocs\inventaris-jofinson\system\Common.php(1089): CodeIgniter\View\View->render('menu', Array, true)
#4 C:\xampp\htdocs\inventaris-jofinson\app\Controllers\Home.php(89): view('menu')
#5 C:\xampp\htdocs\inventaris-jofinson\system\CodeIgniter.php(832): App\Controllers\Home->dashboard()
#6 C:\xampp\htdocs\inventaris-jofinson\system\CodeIgniter.php(419): CodeIgniter\CodeIgniter->runController(Object(App\Controllers\Home))
#7 C:\xampp\htdocs\inventaris-jofinson\system\CodeIgniter.php(326): CodeIgniter\CodeIgniter->handleRequest(NULL, Object(Config\Cache), false)
#8 C:\xampp\htdocs\inventaris-jofinson\public\index.php(37): CodeIgniter\CodeIgniter->run()
#9 C:\xampp\htdocs\inventaris-jofinson\system\Commands\Server\rewrite.php(43): require_once('C:\\xampp\\htdocs...')
#10 {main}
CRITICAL - 2023-10-10 00:49:32 --> Use of undefined constant PUBLIC_PATH - assumed 'PUBLIC_PATH' (this will throw an Error in a future version of PHP)
#0 C:\xampp\htdocs\inventaris-jofinson\app\Views\menu.php(143): CodeIgniter\Debug\Exceptions->errorHandler(2, 'Use of undefine...', 'C:\\xampp\\htdocs...', 143, Array)
#1 C:\xampp\htdocs\inventaris-jofinson\system\View\View.php(210): include('C:\\xampp\\htdocs...')
#2 C:\xampp\htdocs\inventaris-jofinson\system\View\View.php(213): CodeIgniter\View\View->CodeIgniter\View\{closure}()
#3 C:\xampp\htdocs\inventaris-jofinson\system\Common.php(1089): CodeIgniter\View\View->render('menu', Array, true)
#4 C:\xampp\htdocs\inventaris-jofinson\app\Controllers\Home.php(89): view('menu')
#5 C:\xampp\htdocs\inventaris-jofinson\system\CodeIgniter.php(832): App\Controllers\Home->dashboard()
#6 C:\xampp\htdocs\inventaris-jofinson\system\CodeIgniter.php(419): CodeIgniter\CodeIgniter->runController(Object(App\Controllers\Home))
#7 C:\xampp\htdocs\inventaris-jofinson\system\CodeIgniter.php(326): CodeIgniter\CodeIgniter->handleRequest(NULL, Object(Config\Cache), false)
#8 C:\xampp\htdocs\inventaris-jofinson\public\index.php(37): CodeIgniter\CodeIgniter->run()
#9 C:\xampp\htdocs\inventaris-jofinson\system\Commands\Server\rewrite.php(43): require_once('C:\\xampp\\htdocs...')
#10 {main}
CRITICAL - 2023-10-10 00:50:42 --> Use of undefined constant PUBLIC_PATH - assumed 'PUBLIC_PATH' (this will throw an Error in a future version of PHP)
#0 C:\xampp\htdocs\inventaris-jofinson\app\Views\menu.php(143): CodeIgniter\Debug\Exceptions->errorHandler(2, 'Use of undefine...', 'C:\\xampp\\htdocs...', 143, Array)
#1 C:\xampp\htdocs\inventaris-jofinson\system\View\View.php(210): include('C:\\xampp\\htdocs...')
#2 C:\xampp\htdocs\inventaris-jofinson\system\View\View.php(213): CodeIgniter\View\View->CodeIgniter\View\{closure}()
#3 C:\xampp\htdocs\inventaris-jofinson\system\Common.php(1089): CodeIgniter\View\View->render('menu', Array, true)
#4 C:\xampp\htdocs\inventaris-jofinson\app\Controllers\Home.php(89): view('menu')
#5 C:\xampp\htdocs\inventaris-jofinson\system\CodeIgniter.php(832): App\Controllers\Home->dashboard()
#6 C:\xampp\htdocs\inventaris-jofinson\system\CodeIgniter.php(419): CodeIgniter\CodeIgniter->runController(Object(App\Controllers\Home))
#7 C:\xampp\htdocs\inventaris-jofinson\system\CodeIgniter.php(326): CodeIgniter\CodeIgniter->handleRequest(NULL, Object(Config\Cache), false)
#8 C:\xampp\htdocs\inventaris-jofinson\public\index.php(37): CodeIgniter\CodeIgniter->run()
#9 C:\xampp\htdocs\inventaris-jofinson\system\Commands\Server\rewrite.php(43): require_once('C:\\xampp\\htdocs...')
#10 {main}
CRITICAL - 2023-10-10 00:50:42 --> Use of undefined constant PUBLIC_PATH - assumed 'PUBLIC_PATH' (this will throw an Error in a future version of PHP)
#0 C:\xampp\htdocs\inventaris-jofinson\app\Views\menu.php(143): CodeIgniter\Debug\Exceptions->errorHandler(2, 'Use of undefine...', 'C:\\xampp\\htdocs...', 143, Array)
#1 C:\xampp\htdocs\inventaris-jofinson\system\View\View.php(210): include('C:\\xampp\\htdocs...')
#2 C:\xampp\htdocs\inventaris-jofinson\system\View\View.php(213): CodeIgniter\View\View->CodeIgniter\View\{closure}()
#3 C:\xampp\htdocs\inventaris-jofinson\system\Common.php(1089): CodeIgniter\View\View->render('menu', Array, true)
#4 C:\xampp\htdocs\inventaris-jofinson\app\Controllers\Home.php(89): view('menu')
#5 C:\xampp\htdocs\inventaris-jofinson\system\CodeIgniter.php(832): App\Controllers\Home->dashboard()
#6 C:\xampp\htdocs\inventaris-jofinson\system\CodeIgniter.php(419): CodeIgniter\CodeIgniter->runController(Object(App\Controllers\Home))
#7 C:\xampp\htdocs\inventaris-jofinson\system\CodeIgniter.php(326): CodeIgniter\CodeIgniter->handleRequest(NULL, Object(Config\Cache), false)
#8 C:\xampp\htdocs\inventaris-jofinson\public\index.php(37): CodeIgniter\CodeIgniter->run()
#9 C:\xampp\htdocs\inventaris-jofinson\system\Commands\Server\rewrite.php(43): require_once('C:\\xampp\\htdocs...')
#10 {main}
CRITICAL - 2023-10-10 00:52:44 --> Use of undefined constant PUBLIC_PATH - assumed 'PUBLIC_PATH' (this will throw an Error in a future version of PHP)
#0 C:\xampp\htdocs\inventaris-jofinson\app\Views\menu.php(143): CodeIgniter\Debug\Exceptions->errorHandler(2, 'Use of undefine...', 'C:\\xampp\\htdocs...', 143, Array)
#1 C:\xampp\htdocs\inventaris-jofinson\system\View\View.php(210): include('C:\\xampp\\htdocs...')
#2 C:\xampp\htdocs\inventaris-jofinson\system\View\View.php(213): CodeIgniter\View\View->CodeIgniter\View\{closure}()
#3 C:\xampp\htdocs\inventaris-jofinson\system\Common.php(1089): CodeIgniter\View\View->render('menu', Array, true)
#4 C:\xampp\htdocs\inventaris-jofinson\app\Controllers\Home.php(89): view('menu')
#5 C:\xampp\htdocs\inventaris-jofinson\system\CodeIgniter.php(832): App\Controllers\Home->dashboard()
#6 C:\xampp\htdocs\inventaris-jofinson\system\CodeIgniter.php(419): CodeIgniter\CodeIgniter->runController(Object(App\Controllers\Home))
#7 C:\xampp\htdocs\inventaris-jofinson\system\CodeIgniter.php(326): CodeIgniter\CodeIgniter->handleRequest(NULL, Object(Config\Cache), false)
#8 C:\xampp\htdocs\inventaris-jofinson\public\index.php(37): CodeIgniter\CodeIgniter->run()
#9 C:\xampp\htdocs\inventaris-jofinson\system\Commands\Server\rewrite.php(43): require_once('C:\\xampp\\htdocs...')
#10 {main}
CRITICAL - 2023-10-10 00:52:46 --> Use of undefined constant PUBLIC_PATH - assumed 'PUBLIC_PATH' (this will throw an Error in a future version of PHP)
#0 C:\xampp\htdocs\inventaris-jofinson\app\Views\menu.php(143): CodeIgniter\Debug\Exceptions->errorHandler(2, 'Use of undefine...', 'C:\\xampp\\htdocs...', 143, Array)
#1 C:\xampp\htdocs\inventaris-jofinson\system\View\View.php(210): include('C:\\xampp\\htdocs...')
#2 C:\xampp\htdocs\inventaris-jofinson\system\View\View.php(213): CodeIgniter\View\View->CodeIgniter\View\{closure}()
#3 C:\xampp\htdocs\inventaris-jofinson\system\Common.php(1089): CodeIgniter\View\View->render('menu', Array, true)
#4 C:\xampp\htdocs\inventaris-jofinson\app\Controllers\Home.php(89): view('menu')
#5 C:\xampp\htdocs\inventaris-jofinson\system\CodeIgniter.php(832): App\Controllers\Home->dashboard()
#6 C:\xampp\htdocs\inventaris-jofinson\system\CodeIgniter.php(419): CodeIgniter\CodeIgniter->runController(Object(App\Controllers\Home))
#7 C:\xampp\htdocs\inventaris-jofinson\system\CodeIgniter.php(326): CodeIgniter\CodeIgniter->handleRequest(NULL, Object(Config\Cache), false)
#8 C:\xampp\htdocs\inventaris-jofinson\public\index.php(37): CodeIgniter\CodeIgniter->run()
#9 C:\xampp\htdocs\inventaris-jofinson\system\Commands\Server\rewrite.php(43): require_once('C:\\xampp\\htdocs...')
#10 {main}
CRITICAL - 2023-10-10 00:53:04 --> Use of undefined constant PUBLIC_PATH - assumed 'PUBLIC_PATH' (this will throw an Error in a future version of PHP)
#0 C:\xampp\htdocs\inventaris-jofinson\app\Views\menu.php(143): CodeIgniter\Debug\Exceptions->errorHandler(2, 'Use of undefine...', 'C:\\xampp\\htdocs...', 143, Array)
#1 C:\xampp\htdocs\inventaris-jofinson\system\View\View.php(210): include('C:\\xampp\\htdocs...')
#2 C:\xampp\htdocs\inventaris-jofinson\system\View\View.php(213): CodeIgniter\View\View->CodeIgniter\View\{closure}()
#3 C:\xampp\htdocs\inventaris-jofinson\system\Common.php(1089): CodeIgniter\View\View->render('menu', Array, true)
#4 C:\xampp\htdocs\inventaris-jofinson\app\Controllers\Home.php(89): view('menu')
#5 C:\xampp\htdocs\inventaris-jofinson\system\CodeIgniter.php(832): App\Controllers\Home->dashboard()
#6 C:\xampp\htdocs\inventaris-jofinson\system\CodeIgniter.php(419): CodeIgniter\CodeIgniter->runController(Object(App\Controllers\Home))
#7 C:\xampp\htdocs\inventaris-jofinson\system\CodeIgniter.php(326): CodeIgniter\CodeIgniter->handleRequest(NULL, Object(Config\Cache), false)
#8 C:\xampp\htdocs\inventaris-jofinson\public\index.php(37): CodeIgniter\CodeIgniter->run()
#9 C:\xampp\htdocs\inventaris-jofinson\system\Commands\Server\rewrite.php(43): require_once('C:\\xampp\\htdocs...')
#10 {main}
CRITICAL - 2023-10-10 00:53:05 --> Use of undefined constant PUBLIC_PATH - assumed 'PUBLIC_PATH' (this will throw an Error in a future version of PHP)
#0 C:\xampp\htdocs\inventaris-jofinson\app\Views\menu.php(143): CodeIgniter\Debug\Exceptions->errorHandler(2, 'Use of undefine...', 'C:\\xampp\\htdocs...', 143, Array)
#1 C:\xampp\htdocs\inventaris-jofinson\system\View\View.php(210): include('C:\\xampp\\htdocs...')
#2 C:\xampp\htdocs\inventaris-jofinson\system\View\View.php(213): CodeIgniter\View\View->CodeIgniter\View\{closure}()
#3 C:\xampp\htdocs\inventaris-jofinson\system\Common.php(1089): CodeIgniter\View\View->render('menu', Array, true)
#4 C:\xampp\htdocs\inventaris-jofinson\app\Controllers\Home.php(89): view('menu')
#5 C:\xampp\htdocs\inventaris-jofinson\system\CodeIgniter.php(832): App\Controllers\Home->dashboard()
#6 C:\xampp\htdocs\inventaris-jofinson\system\CodeIgniter.php(419): CodeIgniter\CodeIgniter->runController(Object(App\Controllers\Home))
#7 C:\xampp\htdocs\inventaris-jofinson\system\CodeIgniter.php(326): CodeIgniter\CodeIgniter->handleRequest(NULL, Object(Config\Cache), false)
#8 C:\xampp\htdocs\inventaris-jofinson\public\index.php(37): CodeIgniter\CodeIgniter->run()
#9 C:\xampp\htdocs\inventaris-jofinson\system\Commands\Server\rewrite.php(43): require_once('C:\\xampp\\htdocs...')
#10 {main}
CRITICAL - 2023-10-10 00:53:05 --> Use of undefined constant PUBLIC_PATH - assumed 'PUBLIC_PATH' (this will throw an Error in a future version of PHP)
#0 C:\xampp\htdocs\inventaris-jofinson\app\Views\menu.php(143): CodeIgniter\Debug\Exceptions->errorHandler(2, 'Use of undefine...', 'C:\\xampp\\htdocs...', 143, Array)
#1 C:\xampp\htdocs\inventaris-jofinson\system\View\View.php(210): include('C:\\xampp\\htdocs...')
#2 C:\xampp\htdocs\inventaris-jofinson\system\View\View.php(213): CodeIgniter\View\View->CodeIgniter\View\{closure}()
#3 C:\xampp\htdocs\inventaris-jofinson\system\Common.php(1089): CodeIgniter\View\View->render('menu', Array, true)
#4 C:\xampp\htdocs\inventaris-jofinson\app\Controllers\Home.php(89): view('menu')
#5 C:\xampp\htdocs\inventaris-jofinson\system\CodeIgniter.php(832): App\Controllers\Home->dashboard()
#6 C:\xampp\htdocs\inventaris-jofinson\system\CodeIgniter.php(419): CodeIgniter\CodeIgniter->runController(Object(App\Controllers\Home))
#7 C:\xampp\htdocs\inventaris-jofinson\system\CodeIgniter.php(326): CodeIgniter\CodeIgniter->handleRequest(NULL, Object(Config\Cache), false)
#8 C:\xampp\htdocs\inventaris-jofinson\public\index.php(37): CodeIgniter\CodeIgniter->run()
#9 C:\xampp\htdocs\inventaris-jofinson\system\Commands\Server\rewrite.php(43): require_once('C:\\xampp\\htdocs...')
#10 {main}
CRITICAL - 2023-10-10 00:53:05 --> Use of undefined constant PUBLIC_PATH - assumed 'PUBLIC_PATH' (this will throw an Error in a future version of PHP)
#0 C:\xampp\htdocs\inventaris-jofinson\app\Views\menu.php(143): CodeIgniter\Debug\Exceptions->errorHandler(2, 'Use of undefine...', 'C:\\xampp\\htdocs...', 143, Array)
#1 C:\xampp\htdocs\inventaris-jofinson\system\View\View.php(210): include('C:\\xampp\\htdocs...')
#2 C:\xampp\htdocs\inventaris-jofinson\system\View\View.php(213): CodeIgniter\View\View->CodeIgniter\View\{closure}()
#3 C:\xampp\htdocs\inventaris-jofinson\system\Common.php(1089): CodeIgniter\View\View->render('menu', Array, true)
#4 C:\xampp\htdocs\inventaris-jofinson\app\Controllers\Home.php(89): view('menu')
#5 C:\xampp\htdocs\inventaris-jofinson\system\CodeIgniter.php(832): App\Controllers\Home->dashboard()
#6 C:\xampp\htdocs\inventaris-jofinson\system\CodeIgniter.php(419): CodeIgniter\CodeIgniter->runController(Object(App\Controllers\Home))
#7 C:\xampp\htdocs\inventaris-jofinson\system\CodeIgniter.php(326): CodeIgniter\CodeIgniter->handleRequest(NULL, Object(Config\Cache), false)
#8 C:\xampp\htdocs\inventaris-jofinson\public\index.php(37): CodeIgniter\CodeIgniter->run()
#9 C:\xampp\htdocs\inventaris-jofinson\system\Commands\Server\rewrite.php(43): require_once('C:\\xampp\\htdocs...')
#10 {main}
CRITICAL - 2023-10-10 00:53:05 --> Use of undefined constant PUBLIC_PATH - assumed 'PUBLIC_PATH' (this will throw an Error in a future version of PHP)
#0 C:\xampp\htdocs\inventaris-jofinson\app\Views\menu.php(143): CodeIgniter\Debug\Exceptions->errorHandler(2, 'Use of undefine...', 'C:\\xampp\\htdocs...', 143, Array)
#1 C:\xampp\htdocs\inventaris-jofinson\system\View\View.php(210): include('C:\\xampp\\htdocs...')
#2 C:\xampp\htdocs\inventaris-jofinson\system\View\View.php(213): CodeIgniter\View\View->CodeIgniter\View\{closure}()
#3 C:\xampp\htdocs\inventaris-jofinson\system\Common.php(1089): CodeIgniter\View\View->render('menu', Array, true)
#4 C:\xampp\htdocs\inventaris-jofinson\app\Controllers\Home.php(89): view('menu')
#5 C:\xampp\htdocs\inventaris-jofinson\system\CodeIgniter.php(832): App\Controllers\Home->dashboard()
#6 C:\xampp\htdocs\inventaris-jofinson\system\CodeIgniter.php(419): CodeIgniter\CodeIgniter->runController(Object(App\Controllers\Home))
#7 C:\xampp\htdocs\inventaris-jofinson\system\CodeIgniter.php(326): CodeIgniter\CodeIgniter->handleRequest(NULL, Object(Config\Cache), false)
#8 C:\xampp\htdocs\inventaris-jofinson\public\index.php(37): CodeIgniter\CodeIgniter->run()
#9 C:\xampp\htdocs\inventaris-jofinson\system\Commands\Server\rewrite.php(43): require_once('C:\\xampp\\htdocs...')
#10 {main}
CRITICAL - 2023-10-10 00:53:06 --> Use of undefined constant PUBLIC_PATH - assumed 'PUBLIC_PATH' (this will throw an Error in a future version of PHP)
#0 C:\xampp\htdocs\inventaris-jofinson\app\Views\menu.php(143): CodeIgniter\Debug\Exceptions->errorHandler(2, 'Use of undefine...', 'C:\\xampp\\htdocs...', 143, Array)
#1 C:\xampp\htdocs\inventaris-jofinson\system\View\View.php(210): include('C:\\xampp\\htdocs...')
#2 C:\xampp\htdocs\inventaris-jofinson\system\View\View.php(213): CodeIgniter\View\View->CodeIgniter\View\{closure}()
#3 C:\xampp\htdocs\inventaris-jofinson\system\Common.php(1089): CodeIgniter\View\View->render('menu', Array, true)
#4 C:\xampp\htdocs\inventaris-jofinson\app\Controllers\Home.php(89): view('menu')
#5 C:\xampp\htdocs\inventaris-jofinson\system\CodeIgniter.php(832): App\Controllers\Home->dashboard()
#6 C:\xampp\htdocs\inventaris-jofinson\system\CodeIgniter.php(419): CodeIgniter\CodeIgniter->runController(Object(App\Controllers\Home))
#7 C:\xampp\htdocs\inventaris-jofinson\system\CodeIgniter.php(326): CodeIgniter\CodeIgniter->handleRequest(NULL, Object(Config\Cache), false)
#8 C:\xampp\htdocs\inventaris-jofinson\public\index.php(37): CodeIgniter\CodeIgniter->run()
#9 C:\xampp\htdocs\inventaris-jofinson\system\Commands\Server\rewrite.php(43): require_once('C:\\xampp\\htdocs...')
#10 {main}
CRITICAL - 2023-10-10 00:53:06 --> Use of undefined constant PUBLIC_PATH - assumed 'PUBLIC_PATH' (this will throw an Error in a future version of PHP)
#0 C:\xampp\htdocs\inventaris-jofinson\app\Views\menu.php(143): CodeIgniter\Debug\Exceptions->errorHandler(2, 'Use of undefine...', 'C:\\xampp\\htdocs...', 143, Array)
#1 C:\xampp\htdocs\inventaris-jofinson\system\View\View.php(210): include('C:\\xampp\\htdocs...')
#2 C:\xampp\htdocs\inventaris-jofinson\system\View\View.php(213): CodeIgniter\View\View->CodeIgniter\View\{closure}()
#3 C:\xampp\htdocs\inventaris-jofinson\system\Common.php(1089): CodeIgniter\View\View->render('menu', Array, true)
#4 C:\xampp\htdocs\inventaris-jofinson\app\Controllers\Home.php(89): view('menu')
#5 C:\xampp\htdocs\inventaris-jofinson\system\CodeIgniter.php(832): App\Controllers\Home->dashboard()
#6 C:\xampp\htdocs\inventaris-jofinson\system\CodeIgniter.php(419): CodeIgniter\CodeIgniter->runController(Object(App\Controllers\Home))
#7 C:\xampp\htdocs\inventaris-jofinson\system\CodeIgniter.php(326): CodeIgniter\CodeIgniter->handleRequest(NULL, Object(Config\Cache), false)
#8 C:\xampp\htdocs\inventaris-jofinson\public\index.php(37): CodeIgniter\CodeIgniter->run()
#9 C:\xampp\htdocs\inventaris-jofinson\system\Commands\Server\rewrite.php(43): require_once('C:\\xampp\\htdocs...')
#10 {main}
CRITICAL - 2023-10-10 00:53:06 --> Use of undefined constant PUBLIC_PATH - assumed 'PUBLIC_PATH' (this will throw an Error in a future version of PHP)
#0 C:\xampp\htdocs\inventaris-jofinson\app\Views\menu.php(143): CodeIgniter\Debug\Exceptions->errorHandler(2, 'Use of undefine...', 'C:\\xampp\\htdocs...', 143, Array)
#1 C:\xampp\htdocs\inventaris-jofinson\system\View\View.php(210): include('C:\\xampp\\htdocs...')
#2 C:\xampp\htdocs\inventaris-jofinson\system\View\View.php(213): CodeIgniter\View\View->CodeIgniter\View\{closure}()
#3 C:\xampp\htdocs\inventaris-jofinson\system\Common.php(1089): CodeIgniter\View\View->render('menu', Array, true)
#4 C:\xampp\htdocs\inventaris-jofinson\app\Controllers\Home.php(89): view('menu')
#5 C:\xampp\htdocs\inventaris-jofinson\system\CodeIgniter.php(832): App\Controllers\Home->dashboard()
#6 C:\xampp\htdocs\inventaris-jofinson\system\CodeIgniter.php(419): CodeIgniter\CodeIgniter->runController(Object(App\Controllers\Home))
#7 C:\xampp\htdocs\inventaris-jofinson\system\CodeIgniter.php(326): CodeIgniter\CodeIgniter->handleRequest(NULL, Object(Config\Cache), false)
#8 C:\xampp\htdocs\inventaris-jofinson\public\index.php(37): CodeIgniter\CodeIgniter->run()
#9 C:\xampp\htdocs\inventaris-jofinson\system\Commands\Server\rewrite.php(43): require_once('C:\\xampp\\htdocs...')
#10 {main}
CRITICAL - 2023-10-10 00:53:14 --> Use of undefined constant PUBLIC_PATH - assumed 'PUBLIC_PATH' (this will throw an Error in a future version of PHP)
#0 C:\xampp\htdocs\inventaris-jofinson\app\Views\menu.php(143): CodeIgniter\Debug\Exceptions->errorHandler(2, 'Use of undefine...', 'C:\\xampp\\htdocs...', 143, Array)
#1 C:\xampp\htdocs\inventaris-jofinson\system\View\View.php(210): include('C:\\xampp\\htdocs...')
#2 C:\xampp\htdocs\inventaris-jofinson\system\View\View.php(213): CodeIgniter\View\View->CodeIgniter\View\{closure}()
#3 C:\xampp\htdocs\inventaris-jofinson\system\Common.php(1089): CodeIgniter\View\View->render('menu', Array, true)
#4 C:\xampp\htdocs\inventaris-jofinson\app\Controllers\Home.php(89): view('menu')
#5 C:\xampp\htdocs\inventaris-jofinson\system\CodeIgniter.php(832): App\Controllers\Home->dashboard()
#6 C:\xampp\htdocs\inventaris-jofinson\system\CodeIgniter.php(419): CodeIgniter\CodeIgniter->runController(Object(App\Controllers\Home))
#7 C:\xampp\htdocs\inventaris-jofinson\system\CodeIgniter.php(326): CodeIgniter\CodeIgniter->handleRequest(NULL, Object(Config\Cache), false)
#8 C:\xampp\htdocs\inventaris-jofinson\public\index.php(37): CodeIgniter\CodeIgniter->run()
#9 C:\xampp\htdocs\inventaris-jofinson\system\Commands\Server\rewrite.php(43): require_once('C:\\xampp\\htdocs...')
#10 {main}
CRITICAL - 2023-10-10 00:53:53 --> Use of undefined constant PUBLIC_PATH - assumed 'PUBLIC_PATH' (this will throw an Error in a future version of PHP)
#0 C:\xampp\htdocs\inventaris-jofinson\app\Views\menu.php(143): CodeIgniter\Debug\Exceptions->errorHandler(2, 'Use of undefine...', 'C:\\xampp\\htdocs...', 143, Array)
#1 C:\xampp\htdocs\inventaris-jofinson\system\View\View.php(210): include('C:\\xampp\\htdocs...')
#2 C:\xampp\htdocs\inventaris-jofinson\system\View\View.php(213): CodeIgniter\View\View->CodeIgniter\View\{closure}()
#3 C:\xampp\htdocs\inventaris-jofinson\system\Common.php(1089): CodeIgniter\View\View->render('menu', Array, true)
#4 C:\xampp\htdocs\inventaris-jofinson\app\Controllers\Home.php(89): view('menu')
#5 C:\xampp\htdocs\inventaris-jofinson\system\CodeIgniter.php(832): App\Controllers\Home->dashboard()
#6 C:\xampp\htdocs\inventaris-jofinson\system\CodeIgniter.php(419): CodeIgniter\CodeIgniter->runController(Object(App\Controllers\Home))
#7 C:\xampp\htdocs\inventaris-jofinson\system\CodeIgniter.php(326): CodeIgniter\CodeIgniter->handleRequest(NULL, Object(Config\Cache), false)
#8 C:\xampp\htdocs\inventaris-jofinson\public\index.php(37): CodeIgniter\CodeIgniter->run()
#9 C:\xampp\htdocs\inventaris-jofinson\system\Commands\Server\rewrite.php(43): require_once('C:\\xampp\\htdocs...')
#10 {main}
CRITICAL - 2023-10-10 00:53:54 --> Use of undefined constant PUBLIC_PATH - assumed 'PUBLIC_PATH' (this will throw an Error in a future version of PHP)
#0 C:\xampp\htdocs\inventaris-jofinson\app\Views\menu.php(143): CodeIgniter\Debug\Exceptions->errorHandler(2, 'Use of undefine...', 'C:\\xampp\\htdocs...', 143, Array)
#1 C:\xampp\htdocs\inventaris-jofinson\system\View\View.php(210): include('C:\\xampp\\htdocs...')
#2 C:\xampp\htdocs\inventaris-jofinson\system\View\View.php(213): CodeIgniter\View\View->CodeIgniter\View\{closure}()
#3 C:\xampp\htdocs\inventaris-jofinson\system\Common.php(1089): CodeIgniter\View\View->render('menu', Array, true)
#4 C:\xampp\htdocs\inventaris-jofinson\app\Controllers\Home.php(89): view('menu')
#5 C:\xampp\htdocs\inventaris-jofinson\system\CodeIgniter.php(832): App\Controllers\Home->dashboard()
#6 C:\xampp\htdocs\inventaris-jofinson\system\CodeIgniter.php(419): CodeIgniter\CodeIgniter->runController(Object(App\Controllers\Home))
#7 C:\xampp\htdocs\inventaris-jofinson\system\CodeIgniter.php(326): CodeIgniter\CodeIgniter->handleRequest(NULL, Object(Config\Cache), false)
#8 C:\xampp\htdocs\inventaris-jofinson\public\index.php(37): CodeIgniter\CodeIgniter->run()
#9 C:\xampp\htdocs\inventaris-jofinson\system\Commands\Server\rewrite.php(43): require_once('C:\\xampp\\htdocs...')
#10 {main}
CRITICAL - 2023-10-10 00:53:54 --> Use of undefined constant PUBLIC_PATH - assumed 'PUBLIC_PATH' (this will throw an Error in a future version of PHP)
#0 C:\xampp\htdocs\inventaris-jofinson\app\Views\menu.php(143): CodeIgniter\Debug\Exceptions->errorHandler(2, 'Use of undefine...', 'C:\\xampp\\htdocs...', 143, Array)
#1 C:\xampp\htdocs\inventaris-jofinson\system\View\View.php(210): include('C:\\xampp\\htdocs...')
#2 C:\xampp\htdocs\inventaris-jofinson\system\View\View.php(213): CodeIgniter\View\View->CodeIgniter\View\{closure}()
#3 C:\xampp\htdocs\inventaris-jofinson\system\Common.php(1089): CodeIgniter\View\View->render('menu', Array, true)
#4 C:\xampp\htdocs\inventaris-jofinson\app\Controllers\Home.php(89): view('menu')
#5 C:\xampp\htdocs\inventaris-jofinson\system\CodeIgniter.php(832): App\Controllers\Home->dashboard()
#6 C:\xampp\htdocs\inventaris-jofinson\system\CodeIgniter.php(419): CodeIgniter\CodeIgniter->runController(Object(App\Controllers\Home))
#7 C:\xampp\htdocs\inventaris-jofinson\system\CodeIgniter.php(326): CodeIgniter\CodeIgniter->handleRequest(NULL, Object(Config\Cache), false)
#8 C:\xampp\htdocs\inventaris-jofinson\public\index.php(37): CodeIgniter\CodeIgniter->run()
#9 C:\xampp\htdocs\inventaris-jofinson\system\Commands\Server\rewrite.php(43): require_once('C:\\xampp\\htdocs...')
#10 {main}
CRITICAL - 2023-10-10 00:53:54 --> Use of undefined constant PUBLIC_PATH - assumed 'PUBLIC_PATH' (this will throw an Error in a future version of PHP)
#0 C:\xampp\htdocs\inventaris-jofinson\app\Views\menu.php(143): CodeIgniter\Debug\Exceptions->errorHandler(2, 'Use of undefine...', 'C:\\xampp\\htdocs...', 143, Array)
#1 C:\xampp\htdocs\inventaris-jofinson\system\View\View.php(210): include('C:\\xampp\\htdocs...')
#2 C:\xampp\htdocs\inventaris-jofinson\system\View\View.php(213): CodeIgniter\View\View->CodeIgniter\View\{closure}()
#3 C:\xampp\htdocs\inventaris-jofinson\system\Common.php(1089): CodeIgniter\View\View->render('menu', Array, true)
#4 C:\xampp\htdocs\inventaris-jofinson\app\Controllers\Home.php(89): view('menu')
#5 C:\xampp\htdocs\inventaris-jofinson\system\CodeIgniter.php(832): App\Controllers\Home->dashboard()
#6 C:\xampp\htdocs\inventaris-jofinson\system\CodeIgniter.php(419): CodeIgniter\CodeIgniter->runController(Object(App\Controllers\Home))
#7 C:\xampp\htdocs\inventaris-jofinson\system\CodeIgniter.php(326): CodeIgniter\CodeIgniter->handleRequest(NULL, Object(Config\Cache), false)
#8 C:\xampp\htdocs\inventaris-jofinson\public\index.php(37): CodeIgniter\CodeIgniter->run()
#9 C:\xampp\htdocs\inventaris-jofinson\system\Commands\Server\rewrite.php(43): require_once('C:\\xampp\\htdocs...')
#10 {main}
CRITICAL - 2023-10-10 00:53:54 --> Use of undefined constant PUBLIC_PATH - assumed 'PUBLIC_PATH' (this will throw an Error in a future version of PHP)
#0 C:\xampp\htdocs\inventaris-jofinson\app\Views\menu.php(143): CodeIgniter\Debug\Exceptions->errorHandler(2, 'Use of undefine...', 'C:\\xampp\\htdocs...', 143, Array)
#1 C:\xampp\htdocs\inventaris-jofinson\system\View\View.php(210): include('C:\\xampp\\htdocs...')
#2 C:\xampp\htdocs\inventaris-jofinson\system\View\View.php(213): CodeIgniter\View\View->CodeIgniter\View\{closure}()
#3 C:\xampp\htdocs\inventaris-jofinson\system\Common.php(1089): CodeIgniter\View\View->render('menu', Array, true)
#4 C:\xampp\htdocs\inventaris-jofinson\app\Controllers\Home.php(89): view('menu')
#5 C:\xampp\htdocs\inventaris-jofinson\system\CodeIgniter.php(832): App\Controllers\Home->dashboard()
#6 C:\xampp\htdocs\inventaris-jofinson\system\CodeIgniter.php(419): CodeIgniter\CodeIgniter->runController(Object(App\Controllers\Home))
#7 C:\xampp\htdocs\inventaris-jofinson\system\CodeIgniter.php(326): CodeIgniter\CodeIgniter->handleRequest(NULL, Object(Config\Cache), false)
#8 C:\xampp\htdocs\inventaris-jofinson\public\index.php(37): CodeIgniter\CodeIgniter->run()
#9 C:\xampp\htdocs\inventaris-jofinson\system\Commands\Server\rewrite.php(43): require_once('C:\\xampp\\htdocs...')
#10 {main}
CRITICAL - 2023-10-10 00:53:54 --> Use of undefined constant PUBLIC_PATH - assumed 'PUBLIC_PATH' (this will throw an Error in a future version of PHP)
#0 C:\xampp\htdocs\inventaris-jofinson\app\Views\menu.php(143): CodeIgniter\Debug\Exceptions->errorHandler(2, 'Use of undefine...', 'C:\\xampp\\htdocs...', 143, Array)
#1 C:\xampp\htdocs\inventaris-jofinson\system\View\View.php(210): include('C:\\xampp\\htdocs...')
#2 C:\xampp\htdocs\inventaris-jofinson\system\View\View.php(213): CodeIgniter\View\View->CodeIgniter\View\{closure}()
#3 C:\xampp\htdocs\inventaris-jofinson\system\Common.php(1089): CodeIgniter\View\View->render('menu', Array, true)
#4 C:\xampp\htdocs\inventaris-jofinson\app\Controllers\Home.php(89): view('menu')
#5 C:\xampp\htdocs\inventaris-jofinson\system\CodeIgniter.php(832): App\Controllers\Home->dashboard()
#6 C:\xampp\htdocs\inventaris-jofinson\system\CodeIgniter.php(419): CodeIgniter\CodeIgniter->runController(Object(App\Controllers\Home))
#7 C:\xampp\htdocs\inventaris-jofinson\system\CodeIgniter.php(326): CodeIgniter\CodeIgniter->handleRequest(NULL, Object(Config\Cache), false)
#8 C:\xampp\htdocs\inventaris-jofinson\public\index.php(37): CodeIgniter\CodeIgniter->run()
#9 C:\xampp\htdocs\inventaris-jofinson\system\Commands\Server\rewrite.php(43): require_once('C:\\xampp\\htdocs...')
#10 {main}
CRITICAL - 2023-10-10 00:53:54 --> Use of undefined constant PUBLIC_PATH - assumed 'PUBLIC_PATH' (this will throw an Error in a future version of PHP)
#0 C:\xampp\htdocs\inventaris-jofinson\app\Views\menu.php(143): CodeIgniter\Debug\Exceptions->errorHandler(2, 'Use of undefine...', 'C:\\xampp\\htdocs...', 143, Array)
#1 C:\xampp\htdocs\inventaris-jofinson\system\View\View.php(210): include('C:\\xampp\\htdocs...')
#2 C:\xampp\htdocs\inventaris-jofinson\system\View\View.php(213): CodeIgniter\View\View->CodeIgniter\View\{closure}()
#3 C:\xampp\htdocs\inventaris-jofinson\system\Common.php(1089): CodeIgniter\View\View->render('menu', Array, true)
#4 C:\xampp\htdocs\inventaris-jofinson\app\Controllers\Home.php(89): view('menu')
#5 C:\xampp\htdocs\inventaris-jofinson\system\CodeIgniter.php(832): App\Controllers\Home->dashboard()
#6 C:\xampp\htdocs\inventaris-jofinson\system\CodeIgniter.php(419): CodeIgniter\CodeIgniter->runController(Object(App\Controllers\Home))
#7 C:\xampp\htdocs\inventaris-jofinson\system\CodeIgniter.php(326): CodeIgniter\CodeIgniter->handleRequest(NULL, Object(Config\Cache), false)
#8 C:\xampp\htdocs\inventaris-jofinson\public\index.php(37): CodeIgniter\CodeIgniter->run()
#9 C:\xampp\htdocs\inventaris-jofinson\system\Commands\Server\rewrite.php(43): require_once('C:\\xampp\\htdocs...')
#10 {main}
CRITICAL - 2023-10-10 00:55:23 --> Use of undefined constant PUBLIC_PATH - assumed 'PUBLIC_PATH' (this will throw an Error in a future version of PHP)
#0 C:\xampp\htdocs\inventaris-jofinson\app\Views\menu.php(143): CodeIgniter\Debug\Exceptions->errorHandler(2, 'Use of undefine...', 'C:\\xampp\\htdocs...', 143, Array)
#1 C:\xampp\htdocs\inventaris-jofinson\system\View\View.php(210): include('C:\\xampp\\htdocs...')
#2 C:\xampp\htdocs\inventaris-jofinson\system\View\View.php(213): CodeIgniter\View\View->CodeIgniter\View\{closure}()
#3 C:\xampp\htdocs\inventaris-jofinson\system\Common.php(1089): CodeIgniter\View\View->render('menu', Array, true)
#4 C:\xampp\htdocs\inventaris-jofinson\app\Controllers\Home.php(89): view('menu')
#5 C:\xampp\htdocs\inventaris-jofinson\system\CodeIgniter.php(832): App\Controllers\Home->dashboard()
#6 C:\xampp\htdocs\inventaris-jofinson\system\CodeIgniter.php(419): CodeIgniter\CodeIgniter->runController(Object(App\Controllers\Home))
#7 C:\xampp\htdocs\inventaris-jofinson\system\CodeIgniter.php(326): CodeIgniter\CodeIgniter->handleRequest(NULL, Object(Config\Cache), false)
#8 C:\xampp\htdocs\inventaris-jofinson\public\index.php(37): CodeIgniter\CodeIgniter->run()
#9 C:\xampp\htdocs\inventaris-jofinson\system\Commands\Server\rewrite.php(43): require_once('C:\\xampp\\htdocs...')
#10 {main}
CRITICAL - 2023-10-10 00:57:41 --> Use of undefined constant PUBLIC_PATH - assumed 'PUBLIC_PATH' (this will throw an Error in a future version of PHP)
#0 C:\xampp\htdocs\inventaris-jofinson\app\Views\menu.php(143): CodeIgniter\Debug\Exceptions->errorHandler(2, 'Use of undefine...', 'C:\\xampp\\htdocs...', 143, Array)
#1 C:\xampp\htdocs\inventaris-jofinson\system\View\View.php(210): include('C:\\xampp\\htdocs...')
#2 C:\xampp\htdocs\inventaris-jofinson\system\View\View.php(213): CodeIgniter\View\View->CodeIgniter\View\{closure}()
#3 C:\xampp\htdocs\inventaris-jofinson\system\Common.php(1089): CodeIgniter\View\View->render('menu', Array, true)
#4 C:\xampp\htdocs\inventaris-jofinson\app\Controllers\Home.php(89): view('menu')
#5 C:\xampp\htdocs\inventaris-jofinson\system\CodeIgniter.php(832): App\Controllers\Home->dashboard()
#6 C:\xampp\htdocs\inventaris-jofinson\system\CodeIgniter.php(419): CodeIgniter\CodeIgniter->runController(Object(App\Controllers\Home))
#7 C:\xampp\htdocs\inventaris-jofinson\system\CodeIgniter.php(326): CodeIgniter\CodeIgniter->handleRequest(NULL, Object(Config\Cache), false)
#8 C:\xampp\htdocs\inventaris-jofinson\public\index.php(37): CodeIgniter\CodeIgniter->run()
#9 C:\xampp\htdocs\inventaris-jofinson\system\Commands\Server\rewrite.php(43): require_once('C:\\xampp\\htdocs...')
#10 {main}
CRITICAL - 2023-10-10 01:00:02 --> Use of undefined constant PUBLIC_PATH - assumed 'PUBLIC_PATH' (this will throw an Error in a future version of PHP)
#0 C:\xampp\htdocs\inventaris-jofinson\app\Views\menu.php(143): CodeIgniter\Debug\Exceptions->errorHandler(2, 'Use of undefine...', 'C:\\xampp\\htdocs...', 143, Array)
#1 C:\xampp\htdocs\inventaris-jofinson\system\View\View.php(210): include('C:\\xampp\\htdocs...')
#2 C:\xampp\htdocs\inventaris-jofinson\system\View\View.php(213): CodeIgniter\View\View->CodeIgniter\View\{closure}()
#3 C:\xampp\htdocs\inventaris-jofinson\system\Common.php(1089): CodeIgniter\View\View->render('menu', Array, true)
#4 C:\xampp\htdocs\inventaris-jofinson\app\Controllers\Home.php(89): view('menu')
#5 C:\xampp\htdocs\inventaris-jofinson\system\CodeIgniter.php(832): App\Controllers\Home->dashboard()
#6 C:\xampp\htdocs\inventaris-jofinson\system\CodeIgniter.php(419): CodeIgniter\CodeIgniter->runController(Object(App\Controllers\Home))
#7 C:\xampp\htdocs\inventaris-jofinson\system\CodeIgniter.php(326): CodeIgniter\CodeIgniter->handleRequest(NULL, Object(Config\Cache), false)
#8 C:\xampp\htdocs\inventaris-jofinson\public\index.php(37): CodeIgniter\CodeIgniter->run()
#9 C:\xampp\htdocs\inventaris-jofinson\system\Commands\Server\rewrite.php(43): require_once('C:\\xampp\\htdocs...')
#10 {main}
